0 info it worked if it ends with ok
1 verbose cli [ '/usr/local/bin/node',
1 verbose cli   '/usr/local/bin/npm',
1 verbose cli   'install',
1 verbose cli   'mapshaper' ]
2 info using npm@1.3.8
3 info using node@v0.10.18
4 warn package.json ng-boilerplate@0.3.1 No description
5 warn package.json ng-boilerplate@0.3.1 No README data
6 verbose readDependencies using package.json deps
7 verbose cache add [ 'mapshaper', null ]
8 verbose cache add name=undefined spec="mapshaper" args=["mapshaper",null]
9 verbose parsed url { protocol: null,
9 verbose parsed url   slashes: null,
9 verbose parsed url   auth: null,
9 verbose parsed url   host: null,
9 verbose parsed url   port: null,
9 verbose parsed url   hostname: null,
9 verbose parsed url   hash: null,
9 verbose parsed url   search: null,
9 verbose parsed url   query: null,
9 verbose parsed url   pathname: 'mapshaper',
9 verbose parsed url   path: 'mapshaper',
9 verbose parsed url   href: 'mapshaper' }
10 silly lockFile d35e4b84-mapshaper mapshaper
11 verbose lock mapshaper /home/econ24/.npm/d35e4b84-mapshaper.lock
12 silly lockFile d35e4b84-mapshaper mapshaper
13 silly lockFile d35e4b84-mapshaper mapshaper
14 verbose addNamed [ 'mapshaper', '' ]
15 verbose addNamed [ null, '*' ]
16 silly lockFile cc8cc466-mapshaper mapshaper@
17 verbose lock mapshaper@ /home/econ24/.npm/cc8cc466-mapshaper.lock
18 silly addNameRange { name: 'mapshaper', range: '*', hasData: false }
19 verbose url raw mapshaper
20 verbose url resolving [ 'https://registry.npmjs.org/', './mapshaper' ]
21 verbose url resolved https://registry.npmjs.org/mapshaper
22 info trying registry request attempt 1 at 17:36:19
23 verbose etag "3WMBF54Q9JEHX1YOW326Q51FY"
24 http GET https://registry.npmjs.org/mapshaper
25 http 304 https://registry.npmjs.org/mapshaper
26 silly registry.get cb [ 304,
26 silly registry.get   { date: 'Thu, 13 Mar 2014 21:36:19 GMT',
26 silly registry.get     server: 'Apache',
26 silly registry.get     via: '1.1 varnish',
26 silly registry.get     'last-modified': 'Thu, 13 Mar 2014 21:36:19 GMT',
26 silly registry.get     'cache-control': 'max-age=1',
26 silly registry.get     etag: '"3WMBF54Q9JEHX1YOW326Q51FY"',
26 silly registry.get     'x-served-by': 'cache-at52-ATL',
26 silly registry.get     'x-cache': 'MISS',
26 silly registry.get     'x-cache-hits': '0',
26 silly registry.get     'x-timer': 'S1394746579.218295097,VS0,VE211',
26 silly registry.get     vary: 'Accept',
26 silly registry.get     'content-length': '0',
26 silly registry.get     'keep-alive': 'timeout=10, max=50',
26 silly registry.get     connection: 'Keep-Alive' } ]
27 verbose etag mapshaper from cache
28 silly addNameRange number 2 { name: 'mapshaper', range: '*', hasData: true }
29 silly addNameRange versions [ 'mapshaper',
29 silly addNameRange   [ '0.1.3',
29 silly addNameRange     '0.1.4',
29 silly addNameRange     '0.1.5',
29 silly addNameRange     '0.1.6',
29 silly addNameRange     '0.1.7',
29 silly addNameRange     '0.1.8',
29 silly addNameRange     '0.1.9',
29 silly addNameRange     '0.1.10',
29 silly addNameRange     '0.1.11',
29 silly addNameRange     '0.1.12',
29 silly addNameRange     '0.1.13',
29 silly addNameRange     '0.1.14',
29 silly addNameRange     '0.1.15',
29 silly addNameRange     '0.1.16',
29 silly addNameRange     '0.1.17' ] ]
30 verbose addNamed [ 'mapshaper', '0.1.17' ]
31 verbose addNamed [ '0.1.17', '0.1.17' ]
32 silly lockFile 8f44d4d6-mapshaper-0-1-17 mapshaper@0.1.17
33 verbose lock mapshaper@0.1.17 /home/econ24/.npm/8f44d4d6-mapshaper-0-1-17.lock
34 silly lockFile 5e3be937-g-mapshaper-mapshaper-0-1-17-tgz https://registry.npmjs.org/mapshaper/-/mapshaper-0.1.17.tgz
35 verbose lock https://registry.npmjs.org/mapshaper/-/mapshaper-0.1.17.tgz /home/econ24/.npm/5e3be937-g-mapshaper-mapshaper-0-1-17-tgz.lock
36 verbose addRemoteTarball [ 'https://registry.npmjs.org/mapshaper/-/mapshaper-0.1.17.tgz',
36 verbose addRemoteTarball   'a366e53c9f1cf623262eb9dc8f55089ebdd62159' ]
37 silly lockFile 5e3be937-g-mapshaper-mapshaper-0-1-17-tgz https://registry.npmjs.org/mapshaper/-/mapshaper-0.1.17.tgz
38 silly lockFile 5e3be937-g-mapshaper-mapshaper-0-1-17-tgz https://registry.npmjs.org/mapshaper/-/mapshaper-0.1.17.tgz
39 silly lockFile 8f44d4d6-mapshaper-0-1-17 mapshaper@0.1.17
40 silly lockFile 8f44d4d6-mapshaper-0-1-17 mapshaper@0.1.17
41 silly lockFile cc8cc466-mapshaper mapshaper@
42 silly lockFile cc8cc466-mapshaper mapshaper@
43 error Error: EACCES, mkdir '/home/econ24/tmp/npm-12898-HtYTHwz1'
43 error  { [Error: EACCES, mkdir '/home/econ24/tmp/npm-12898-HtYTHwz1']
43 error   errno: 3,
43 error   code: 'EACCES',
43 error   path: '/home/econ24/tmp/npm-12898-HtYTHwz1' }
44 error Please try running this command again as root/Administrator.
45 error System Linux 3.11.0-18-generic
46 error command "/usr/local/bin/node" "/usr/local/bin/npm" "install" "mapshaper"
47 error cwd /home/econ24/code/njtdm
48 error node -v v0.10.18
49 error npm -v 1.3.8
50 error path /home/econ24/tmp/npm-12898-HtYTHwz1
51 error code EACCES
52 error errno 3
53 error stack Error: EACCES, mkdir '/home/econ24/tmp/npm-12898-HtYTHwz1'
54 verbose exit [ 3, true ]
